[2024-04-09 15:09:13.072] [ERROR] [restartedMain] [o.s.b.d.LoggingFailureAnalysisReporter  ] : 

***************************
APPLICATION FAILED TO START
***************************

Description:

An attempt was made to call a method that does not exist. The attempt was made from the following location:

    org.springframework.boot.SpringApplication.run(SpringApplication.java:337)

The following method did not exist:

    org.springframework.context.ConfigurableApplicationContext.setApplicationStartup(Lorg/springframework/core/metrics/ApplicationStartup;)V

The method's class, org.springframework.context.ConfigurableApplicationContext, is available from the following locations:

    jar:file:/Users/dong/.m2/repository/org/springframework/spring-context/5.2.10.RELEASE/spring-context-5.2.10.RELEASE.jar!/org/springframework/context/ConfigurableApplicationContext.class

The class hierarchy was loaded from the following locations:

    org.springframework.context.ConfigurableApplicationContext: file:/Users/dong/.m2/repository/org/springframework/spring-context/5.2.10.RELEASE/spring-context-5.2.10.RELEASE.jar


Action:

Correct the classpath of your application so that it contains a single, compatible version of org.springframework.context.ConfigurableApplicationContext

[2024-04-09 15:11:27.379] [ERROR] [restartedMain] [o.s.b.d.LoggingFailureAnalysisReporter  ] : 

***************************
APPLICATION FAILED TO START
***************************

Description:

An attempt was made to call a method that does not exist. The attempt was made from the following location:

    org.springframework.boot.SpringApplication.run(SpringApplication.java:337)

The following method did not exist:

    org.springframework.context.ConfigurableApplicationContext.setApplicationStartup(Lorg/springframework/core/metrics/ApplicationStartup;)V

The method's class, org.springframework.context.ConfigurableApplicationContext, is available from the following locations:

    jar:file:/Users/dong/.m2/repository/org/springframework/spring-context/5.2.10.RELEASE/spring-context-5.2.10.RELEASE.jar!/org/springframework/context/ConfigurableApplicationContext.class

The class hierarchy was loaded from the following locations:

    org.springframework.context.ConfigurableApplicationContext: file:/Users/dong/.m2/repository/org/springframework/spring-context/5.2.10.RELEASE/spring-context-5.2.10.RELEASE.jar


Action:

Correct the classpath of your application so that it contains a single, compatible version of org.springframework.context.ConfigurableApplicationContext

[2024-04-09 15:18:04.809] [INFO] [restartedMain] [com.zagt.Application                    ] : Starting Application using Java 1.8.0_231 on bogon with PID 88828 (/Users/dong/project/sms/target/classes started by dong in /Users/dong/project/sms)
[2024-04-09 15:18:04.810] [INFO] [restartedMain] [com.zagt.Application                    ] : The following profiles are active: dev
[2024-04-09 15:18:04.844] [INFO] [restartedMain] [.e.DevToolsPropertyDefaultsPostProcessor] : Devtools property defaults active! Set 'spring.devtools.add-properties' to 'false' to disable
[2024-04-09 15:18:04.844] [INFO] [restartedMain] [.e.DevToolsPropertyDefaultsPostProcessor] : For additional web related logging consider setting the 'logging.level.web' property to 'DEBUG'
[2024-04-09 15:18:05.411] [WARN] [restartedMain] [o.m.s.mapper.ClassPathMapperScanner     ] : No MyBatis mapper was found in '[com.zagt]' package. Please check your configuration.
[2024-04-09 15:18:05.770] [INFO] [restartedMain] [o.s.b.w.embedded.tomcat.TomcatWebServer ] : Tomcat initialized with port(s): 10301 (http)
[2024-04-09 15:18:05.776] [INFO] [restartedMain] [o.a.coyote.http11.Http11NioProtocol     ] : Initializing ProtocolHandler ["http-nio-10301"]
[2024-04-09 15:18:05.776] [INFO] [restartedMain] [o.apache.catalina.core.StandardService  ] : Starting service [Tomcat]
[2024-04-09 15:18:05.776] [INFO] [restartedMain] [org.apache.catalina.core.StandardEngine ] : Starting Servlet engine: [Apache Tomcat/9.0.64]
[2024-04-09 15:18:05.821] [INFO] [restartedMain] [o.a.c.c.C.[Tomcat].[localhost].[/]      ] : Initializing Spring embedded WebApplicationContext
[2024-04-09 15:18:05.821] [INFO] [restartedMain] [w.s.c.ServletWebServerApplicationContext] : Root WebApplicationContext: initialization completed in 977 ms
[2024-04-09 15:18:05.859] [WARN] [restartedMain] [ConfigServletWebServerApplicationContext] : Exception encountered during context initialization - cancelling refresh attempt: org.springframework.beans.factory.UnsatisfiedDependencyException: Error creating bean with name 'capturesServiceImpl': Unsatisfied dependency expressed through field 'baseMapper'; nested exception is org.springframework.beans.factory.NoSuchBeanDefinitionException: No qualifying bean of type 'com.zagt.mapper.CapturesMapper' available: expected at least 1 bean which qualifies as autowire candidate. Dependency annotations: {@org.springframework.beans.factory.annotation.Autowired(required=true)}
[2024-04-09 15:18:05.861] [INFO] [restartedMain] [o.apache.catalina.core.StandardService  ] : Stopping service [Tomcat]
[2024-04-09 15:18:05.884] [INFO] [restartedMain] [ConditionEvaluationReportLoggingListener] : 

Error starting ApplicationContext. To display the conditions report re-run your application with 'debug' enabled.
[2024-04-09 15:18:05.904] [ERROR] [restartedMain] [o.s.boot.SpringApplication              ] : Application run failed
org.springframework.beans.factory.UnsatisfiedDependencyException: Error creating bean with name 'capturesServiceImpl': Unsatisfied dependency expressed through field 'baseMapper'; nested exception is org.springframework.beans.factory.NoSuchBeanDefinitionException: No qualifying bean of type 'com.zagt.mapper.CapturesMapper' available: expected at least 1 bean which qualifies as autowire candidate. Dependency annotations: {@org.springframework.beans.factory.annotation.Autowired(required=true)}
	at org.springframework.beans.factory.annotation.AutowiredAnnotationBeanPostProcessor$AutowiredFieldElement.resolveFieldValue(AutowiredAnnotationBeanPostProcessor.java:659)
	at org.springframework.beans.factory.annotation.AutowiredAnnotationBeanPostProcessor$AutowiredFieldElement.inject(AutowiredAnnotationBeanPostProcessor.java:639)
	at org.springframework.beans.factory.annotation.InjectionMetadata.inject(InjectionMetadata.java:119)
	at org.springframework.beans.factory.annotation.AutowiredAnnotationBeanPostProcessor.postProcessProperties(AutowiredAnnotationBeanPostProcessor.java:399)
	at org.springframework.beans.factory.support.AbstractAutowireCapableBeanFactory.populateBean(AbstractAutowireCapableBeanFactory.java:1431)
	at org.springframework.beans.factory.support.AbstractAutowireCapableBeanFactory.doCreateBean(AbstractAutowireCapableBeanFactory.java:619)
	at org.springframework.beans.factory.support.AbstractAutowireCapableBeanFactory.createBean(AbstractAutowireCapableBeanFactory.java:542)
	at org.springframework.beans.factory.support.AbstractBeanFactory.lambda$doGetBean$0(AbstractBeanFactory.java:335)
	at org.springframework.beans.factory.support.DefaultSingletonBeanRegistry.getSingleton(DefaultSingletonBeanRegistry.java:234)
	at org.springframework.beans.factory.support.AbstractBeanFactory.doGetBean(AbstractBeanFactory.java:333)
	at org.springframework.beans.factory.support.AbstractBeanFactory.getBean(AbstractBeanFactory.java:208)
	at org.springframework.beans.factory.support.DefaultListableBeanFactory.preInstantiateSingletons(DefaultListableBeanFactory.java:955)
	at org.springframework.context.support.AbstractApplicationContext.finishBeanFactoryInitialization(AbstractApplicationContext.java:918)
	at org.springframework.context.support.AbstractApplicationContext.refresh(AbstractApplicationContext.java:583)
	at org.springframework.boot.web.servlet.context.ServletWebServerApplicationContext.refresh(ServletWebServerApplicationContext.java:144)
	at org.springframework.boot.SpringApplication.refresh(SpringApplication.java:782)
	at org.springframework.boot.SpringApplication.refresh(SpringApplication.java:774)
	at org.springframework.boot.SpringApplication.refreshContext(SpringApplication.java:439)
	at org.springframework.boot.SpringApplication.run(SpringApplication.java:339)
	at org.springframework.boot.SpringApplication.run(SpringApplication.java:1340)
	at org.springframework.boot.SpringApplication.run(SpringApplication.java:1329)
	at com.zagt.Application.main(Application.java:18)
	at sun.reflect.NativeMethodAccessorImpl.invoke0(Native Method)
	at sun.reflect.NativeMethodAccessorImpl.invoke(NativeMethodAccessorImpl.java:62)
	at sun.reflect.DelegatingMethodAccessorImpl.invoke(DelegatingMethodAccessorImpl.java:43)
	at java.lang.reflect.Method.invoke(Method.java:498)
	at org.springframework.boot.devtools.restart.RestartLauncher.run(RestartLauncher.java:49)
Caused by: org.springframework.beans.factory.NoSuchBeanDefinitionException: No qualifying bean of type 'com.zagt.mapper.CapturesMapper' available: expected at least 1 bean which qualifies as autowire candidate. Dependency annotations: {@org.springframework.beans.factory.annotation.Autowired(required=true)}
	at org.springframework.beans.factory.support.DefaultListableBeanFactory.raiseNoMatchingBeanFound(DefaultListableBeanFactory.java:1801)
	at org.springframework.beans.factory.support.DefaultListableBeanFactory.doResolveDependency(DefaultListableBeanFactory.java:1357)
	at org.springframework.beans.factory.support.DefaultListableBeanFactory.resolveDependency(DefaultListableBeanFactory.java:1311)
	at org.springframework.beans.factory.annotation.AutowiredAnnotationBeanPostProcessor$AutowiredFieldElement.resolveFieldValue(AutowiredAnnotationBeanPostProcessor.java:656)
	... 26 common frames omitted
[2024-04-09 15:20:40.401] [INFO] [restartedMain] [com.zagt.Application                    ] : Starting Application using Java 1.8.0_231 on bogon with PID 88898 (/Users/dong/project/sms/target/classes started by dong in /Users/dong/project/sms)
[2024-04-09 15:20:40.403] [INFO] [restartedMain] [com.zagt.Application                    ] : The following profiles are active: dev
[2024-04-09 15:20:40.436] [INFO] [restartedMain] [.e.DevToolsPropertyDefaultsPostProcessor] : Devtools property defaults active! Set 'spring.devtools.add-properties' to 'false' to disable
[2024-04-09 15:20:40.437] [INFO] [restartedMain] [.e.DevToolsPropertyDefaultsPostProcessor] : For additional web related logging consider setting the 'logging.level.web' property to 'DEBUG'
[2024-04-09 15:20:41.319] [INFO] [restartedMain] [o.s.b.w.embedded.tomcat.TomcatWebServer ] : Tomcat initialized with port(s): 10301 (http)
[2024-04-09 15:20:41.326] [INFO] [restartedMain] [o.a.coyote.http11.Http11NioProtocol     ] : Initializing ProtocolHandler ["http-nio-10301"]
[2024-04-09 15:20:41.327] [INFO] [restartedMain] [o.apache.catalina.core.StandardService  ] : Starting service [Tomcat]
[2024-04-09 15:20:41.327] [INFO] [restartedMain] [org.apache.catalina.core.StandardEngine ] : Starting Servlet engine: [Apache Tomcat/9.0.64]
[2024-04-09 15:20:41.378] [INFO] [restartedMain] [o.a.c.c.C.[Tomcat].[localhost].[/]      ] : Initializing Spring embedded WebApplicationContext
[2024-04-09 15:20:41.379] [INFO] [restartedMain] [w.s.c.ServletWebServerApplicationContext] : Root WebApplicationContext: initialization completed in 942 ms
[2024-04-09 15:20:41.494] [INFO] [restartedMain] [c.a.d.s.b.a.DruidDataSourceAutoConfigure] : Init DruidDataSource
[2024-04-09 15:20:41.542] [WARN] [restartedMain] [ConfigServletWebServerApplicationContext] : Exception encountered during context initialization - cancelling refresh attempt: org.springframework.beans.factory.UnsatisfiedDependencyException: Error creating bean with name 'capturesServiceImpl': Unsatisfied dependency expressed through field 'baseMapper'; nested exception is org.springframework.beans.factory.UnsatisfiedDependencyException: Error creating bean with name 'capturesMapper' defined in file [/Users/dong/project/sms/target/classes/com/zagt/mapper/CapturesMapper.class]: Unsatisfied dependency expressed through bean property 'sqlSessionFactory'; nested exception is org.springframework.beans.factory.UnsatisfiedDependencyException: Error creating bean with name 'sqlSessionFactory' defined in class path resource [com/baomidou/mybatisplus/autoconfigure/MybatisPlusAutoConfiguration.class]: Unsatisfied dependency expressed through method 'sqlSessionFactory' parameter 0; nested exception is org.springframework.beans.factory.BeanCreationException: Error creating bean with name 'dataSource' defined in class path resource [com/alibaba/druid/spring/boot/autoconfigure/DruidDataSourceAutoConfigure.class]: Invocation of init method failed; nested exception is java.lang.NoSuchMethodError: org.springframework.util.ClassUtils.getInterfaceMethodIfPossible(Ljava/lang/reflect/Method;Ljava/lang/Class;)Ljava/lang/reflect/Method;
[2024-04-09 15:20:41.545] [INFO] [restartedMain] [o.apache.catalina.core.StandardService  ] : Stopping service [Tomcat]
[2024-04-09 15:20:41.560] [INFO] [restartedMain] [ConditionEvaluationReportLoggingListener] : 

Error starting ApplicationContext. To display the conditions report re-run your application with 'debug' enabled.
[2024-04-09 15:20:41.575] [ERROR] [restartedMain] [o.s.b.d.LoggingFailureAnalysisReporter  ] : 

***************************
APPLICATION FAILED TO START
***************************

Description:

An attempt was made to call a method that does not exist. The attempt was made from the following location:

    org.springframework.beans.factory.support.AbstractAutowireCapableBeanFactory.invokeCustomInitMethod(AbstractAutowireCapableBeanFactory.java:1911)

The following method did not exist:

    org.springframework.util.ClassUtils.getInterfaceMethodIfPossible(Ljava/lang/reflect/Method;Ljava/lang/Class;)Ljava/lang/reflect/Method;

The method's class, org.springframework.util.ClassUtils, is available from the following locations:

    jar:file:/Users/dong/.m2/repository/org/springframework/spring-core/5.3.6/spring-core-5.3.6.jar!/org/springframework/util/ClassUtils.class

The class hierarchy was loaded from the following locations:

    org.springframework.util.ClassUtils: file:/Users/dong/.m2/repository/org/springframework/spring-core/5.3.6/spring-core-5.3.6.jar


Action:

Correct the classpath of your application so that it contains a single, compatible version of org.springframework.util.ClassUtils

[2024-04-09 15:27:49.923] [INFO] [restartedMain] [com.zagt.Application                    ] : Starting Application using Java 1.8.0_231 on bogon with PID 89134 (/Users/dong/project/sms/target/classes started by dong in /Users/dong/project/sms)
[2024-04-09 15:27:49.925] [INFO] [restartedMain] [com.zagt.Application                    ] : The following profiles are active: dev
[2024-04-09 15:27:49.962] [INFO] [restartedMain] [.e.DevToolsPropertyDefaultsPostProcessor] : Devtools property defaults active! Set 'spring.devtools.add-properties' to 'false' to disable
[2024-04-09 15:27:49.963] [INFO] [restartedMain] [.e.DevToolsPropertyDefaultsPostProcessor] : For additional web related logging consider setting the 'logging.level.web' property to 'DEBUG'
[2024-04-09 15:27:50.714] [INFO] [restartedMain] [o.s.b.w.embedded.tomcat.TomcatWebServer ] : Tomcat initialized with port(s): 10301 (http)
[2024-04-09 15:27:50.720] [INFO] [restartedMain] [o.a.coyote.http11.Http11NioProtocol     ] : Initializing ProtocolHandler ["http-nio-10301"]
[2024-04-09 15:27:50.721] [INFO] [restartedMain] [o.apache.catalina.core.StandardService  ] : Starting service [Tomcat]
[2024-04-09 15:27:50.721] [INFO] [restartedMain] [org.apache.catalina.core.StandardEngine ] : Starting Servlet engine: [Apache Tomcat/9.0.64]
[2024-04-09 15:27:50.769] [INFO] [restartedMain] [o.a.c.c.C.[Tomcat].[localhost].[/]      ] : Initializing Spring embedded WebApplicationContext
[2024-04-09 15:27:50.769] [INFO] [restartedMain] [w.s.c.ServletWebServerApplicationContext] : Root WebApplicationContext: initialization completed in 806 ms
[2024-04-09 15:27:50.881] [INFO] [restartedMain] [c.a.d.s.b.a.DruidDataSourceAutoConfigure] : Init DruidDataSource
[2024-04-09 15:27:50.934] [WARN] [restartedMain] [ConfigServletWebServerApplicationContext] : Exception encountered during context initialization - cancelling refresh attempt: org.springframework.beans.factory.UnsatisfiedDependencyException: Error creating bean with name 'capturesServiceImpl': Unsatisfied dependency expressed through field 'baseMapper'; nested exception is org.springframework.beans.factory.UnsatisfiedDependencyException: Error creating bean with name 'capturesMapper' defined in file [/Users/dong/project/sms/target/classes/com/zagt/mapper/CapturesMapper.class]: Unsatisfied dependency expressed through bean property 'sqlSessionFactory'; nested exception is org.springframework.beans.factory.UnsatisfiedDependencyException: Error creating bean with name 'sqlSessionFactory' defined in class path resource [com/baomidou/mybatisplus/autoconfigure/MybatisPlusAutoConfiguration.class]: Unsatisfied dependency expressed through method 'sqlSessionFactory' parameter 0; nested exception is org.springframework.beans.factory.BeanCreationException: Error creating bean with name 'dataSource' defined in class path resource [com/alibaba/druid/spring/boot/autoconfigure/DruidDataSourceAutoConfigure.class]: Invocation of init method failed; nested exception is java.lang.NoSuchMethodError: org.springframework.util.ClassUtils.getInterfaceMethodIfPossible(Ljava/lang/reflect/Method;Ljava/lang/Class;)Ljava/lang/reflect/Method;
[2024-04-09 15:27:50.936] [INFO] [restartedMain] [o.apache.catalina.core.StandardService  ] : Stopping service [Tomcat]
[2024-04-09 15:27:50.955] [INFO] [restartedMain] [ConditionEvaluationReportLoggingListener] : 

Error starting ApplicationContext. To display the conditions report re-run your application with 'debug' enabled.
[2024-04-09 15:27:50.986] [ERROR] [restartedMain] [o.s.b.d.LoggingFailureAnalysisReporter  ] : 

***************************
APPLICATION FAILED TO START
***************************

Description:

An attempt was made to call a method that does not exist. The attempt was made from the following location:

    org.springframework.beans.factory.support.AbstractAutowireCapableBeanFactory.invokeCustomInitMethod(AbstractAutowireCapableBeanFactory.java:1911)

The following method did not exist:

    org.springframework.util.ClassUtils.getInterfaceMethodIfPossible(Ljava/lang/reflect/Method;Ljava/lang/Class;)Ljava/lang/reflect/Method;

The method's class, org.springframework.util.ClassUtils, is available from the following locations:

    jar:file:/Users/dong/.m2/repository/org/springframework/spring-core/5.3.6/spring-core-5.3.6.jar!/org/springframework/util/ClassUtils.class

The class hierarchy was loaded from the following locations:

    org.springframework.util.ClassUtils: file:/Users/dong/.m2/repository/org/springframework/spring-core/5.3.6/spring-core-5.3.6.jar


Action:

Correct the classpath of your application so that it contains a single, compatible version of org.springframework.util.ClassUtils

[2024-04-09 15:28:56.802] [INFO] [restartedMain] [com.zagt.Application                    ] : Starting Application using Java 1.8.0_231 on bogon with PID 89164 (/Users/dong/project/sms/target/classes started by dong in /Users/dong/project/sms)
[2024-04-09 15:28:56.803] [INFO] [restartedMain] [com.zagt.Application                    ] : The following profiles are active: dev
[2024-04-09 15:28:56.836] [INFO] [restartedMain] [.e.DevToolsPropertyDefaultsPostProcessor] : Devtools property defaults active! Set 'spring.devtools.add-properties' to 'false' to disable
[2024-04-09 15:28:56.836] [INFO] [restartedMain] [.e.DevToolsPropertyDefaultsPostProcessor] : For additional web related logging consider setting the 'logging.level.web' property to 'DEBUG'
[2024-04-09 15:28:57.684] [INFO] [restartedMain] [o.s.b.w.embedded.tomcat.TomcatWebServer ] : Tomcat initialized with port(s): 10301 (http)
[2024-04-09 15:28:57.691] [INFO] [restartedMain] [o.a.coyote.http11.Http11NioProtocol     ] : Initializing ProtocolHandler ["http-nio-10301"]
[2024-04-09 15:28:57.692] [INFO] [restartedMain] [o.apache.catalina.core.StandardService  ] : Starting service [Tomcat]
[2024-04-09 15:28:57.692] [INFO] [restartedMain] [org.apache.catalina.core.StandardEngine ] : Starting Servlet engine: [Apache Tomcat/9.0.64]
[2024-04-09 15:28:57.740] [INFO] [restartedMain] [o.a.c.c.C.[Tomcat].[localhost].[/]      ] : Initializing Spring embedded WebApplicationContext
[2024-04-09 15:28:57.740] [INFO] [restartedMain] [w.s.c.ServletWebServerApplicationContext] : Root WebApplicationContext: initialization completed in 903 ms
[2024-04-09 15:28:57.827] [INFO] [restartedMain] [c.a.d.s.b.a.DruidDataSourceAutoConfigure] : Init DruidDataSource
[2024-04-09 15:28:57.865] [WARN] [restartedMain] [ConfigServletWebServerApplicationContext] : Exception encountered during context initialization - cancelling refresh attempt: org.springframework.beans.factory.UnsatisfiedDependencyException: Error creating bean with name 'capturesServiceImpl': Unsatisfied dependency expressed through field 'baseMapper'; nested exception is org.springframework.beans.factory.UnsatisfiedDependencyException: Error creating bean with name 'capturesMapper' defined in file [/Users/dong/project/sms/target/classes/com/zagt/mapper/CapturesMapper.class]: Unsatisfied dependency expressed through bean property 'sqlSessionFactory'; nested exception is org.springframework.beans.factory.UnsatisfiedDependencyException: Error creating bean with name 'sqlSessionFactory' defined in class path resource [com/baomidou/mybatisplus/autoconfigure/MybatisPlusAutoConfiguration.class]: Unsatisfied dependency expressed through method 'sqlSessionFactory' parameter 0; nested exception is org.springframework.beans.factory.BeanCreationException: Error creating bean with name 'dataSource' defined in class path resource [com/alibaba/druid/spring/boot/autoconfigure/DruidDataSourceAutoConfigure.class]: Invocation of init method failed; nested exception is java.lang.NoSuchMethodError: org.springframework.util.ClassUtils.getInterfaceMethodIfPossible(Ljava/lang/reflect/Method;Ljava/lang/Class;)Ljava/lang/reflect/Method;
[2024-04-09 15:28:57.867] [INFO] [restartedMain] [o.apache.catalina.core.StandardService  ] : Stopping service [Tomcat]
[2024-04-09 15:28:57.879] [INFO] [restartedMain] [ConditionEvaluationReportLoggingListener] : 

Error starting ApplicationContext. To display the conditions report re-run your application with 'debug' enabled.
[2024-04-09 15:28:57.892] [ERROR] [restartedMain] [o.s.b.d.LoggingFailureAnalysisReporter  ] : 

***************************
APPLICATION FAILED TO START
***************************

Description:

An attempt was made to call a method that does not exist. The attempt was made from the following location:

    org.springframework.beans.factory.support.AbstractAutowireCapableBeanFactory.invokeCustomInitMethod(AbstractAutowireCapableBeanFactory.java:1911)

The following method did not exist:

    org.springframework.util.ClassUtils.getInterfaceMethodIfPossible(Ljava/lang/reflect/Method;Ljava/lang/Class;)Ljava/lang/reflect/Method;

The method's class, org.springframework.util.ClassUtils, is available from the following locations:

    jar:file:/Users/dong/.m2/repository/org/springframework/spring-core/5.3.6/spring-core-5.3.6.jar!/org/springframework/util/ClassUtils.class

The class hierarchy was loaded from the following locations:

    org.springframework.util.ClassUtils: file:/Users/dong/.m2/repository/org/springframework/spring-core/5.3.6/spring-core-5.3.6.jar


Action:

Correct the classpath of your application so that it contains a single, compatible version of org.springframework.util.ClassUtils

[2024-04-09 15:33:21.861] [INFO] [restartedMain] [com.zagt.Application                    ] : Starting Application using Java 1.8.0_231 on bogon with PID 89301 (/Users/dong/project/sms/target/classes started by dong in /Users/dong/project/sms)
[2024-04-09 15:33:21.863] [INFO] [restartedMain] [com.zagt.Application                    ] : The following profiles are active: dev
[2024-04-09 15:33:21.896] [INFO] [restartedMain] [.e.DevToolsPropertyDefaultsPostProcessor] : Devtools property defaults active! Set 'spring.devtools.add-properties' to 'false' to disable
[2024-04-09 15:33:21.896] [INFO] [restartedMain] [.e.DevToolsPropertyDefaultsPostProcessor] : For additional web related logging consider setting the 'logging.level.web' property to 'DEBUG'
[2024-04-09 15:33:22.631] [INFO] [restartedMain] [o.s.b.w.embedded.tomcat.TomcatWebServer ] : Tomcat initialized with port(s): 10301 (http)
[2024-04-09 15:33:22.636] [INFO] [restartedMain] [o.a.coyote.http11.Http11NioProtocol     ] : Initializing ProtocolHandler ["http-nio-10301"]
[2024-04-09 15:33:22.637] [INFO] [restartedMain] [o.apache.catalina.core.StandardService  ] : Starting service [Tomcat]
[2024-04-09 15:33:22.637] [INFO] [restartedMain] [org.apache.catalina.core.StandardEngine ] : Starting Servlet engine: [Apache Tomcat/9.0.64]
[2024-04-09 15:33:22.681] [INFO] [restartedMain] [o.a.c.c.C.[Tomcat].[localhost].[/]      ] : Initializing Spring embedded WebApplicationContext
[2024-04-09 15:33:22.681] [INFO] [restartedMain] [w.s.c.ServletWebServerApplicationContext] : Root WebApplicationContext: initialization completed in 784 ms
[2024-04-09 15:33:22.787] [INFO] [restartedMain] [c.a.d.s.b.a.DruidDataSourceAutoConfigure] : Init DruidDataSource
[2024-04-09 15:33:22.825] [WARN] [restartedMain] [ConfigServletWebServerApplicationContext] : Exception encountered during context initialization - cancelling refresh attempt: org.springframework.beans.factory.UnsatisfiedDependencyException: Error creating bean with name 'capturesServiceImpl': Unsatisfied dependency expressed through field 'baseMapper'; nested exception is org.springframework.beans.factory.UnsatisfiedDependencyException: Error creating bean with name 'capturesMapper' defined in file [/Users/dong/project/sms/target/classes/com/zagt/mapper/CapturesMapper.class]: Unsatisfied dependency expressed through bean property 'sqlSessionFactory'; nested exception is org.springframework.beans.factory.UnsatisfiedDependencyException: Error creating bean with name 'sqlSessionFactory' defined in class path resource [com/baomidou/mybatisplus/autoconfigure/MybatisPlusAutoConfiguration.class]: Unsatisfied dependency expressed through method 'sqlSessionFactory' parameter 0; nested exception is org.springframework.beans.factory.BeanCreationException: Error creating bean with name 'dataSource' defined in class path resource [com/alibaba/druid/spring/boot/autoconfigure/DruidDataSourceAutoConfigure.class]: Invocation of init method failed; nested exception is java.lang.NoSuchMethodError: org.springframework.util.ClassUtils.getInterfaceMethodIfPossible(Ljava/lang/reflect/Method;Ljava/lang/Class;)Ljava/lang/reflect/Method;
[2024-04-09 15:33:22.827] [INFO] [restartedMain] [o.apache.catalina.core.StandardService  ] : Stopping service [Tomcat]
[2024-04-09 15:33:22.842] [INFO] [restartedMain] [ConditionEvaluationReportLoggingListener] : 

Error starting ApplicationContext. To display the conditions report re-run your application with 'debug' enabled.
[2024-04-09 15:33:22.856] [ERROR] [restartedMain] [o.s.b.d.LoggingFailureAnalysisReporter  ] : 

***************************
APPLICATION FAILED TO START
***************************

Description:

An attempt was made to call a method that does not exist. The attempt was made from the following location:

    org.springframework.beans.factory.support.AbstractAutowireCapableBeanFactory.invokeCustomInitMethod(AbstractAutowireCapableBeanFactory.java:1911)

The following method did not exist:

    org.springframework.util.ClassUtils.getInterfaceMethodIfPossible(Ljava/lang/reflect/Method;Ljava/lang/Class;)Ljava/lang/reflect/Method;

The method's class, org.springframework.util.ClassUtils, is available from the following locations:

    jar:file:/Users/dong/.m2/repository/org/springframework/spring-core/5.3.6/spring-core-5.3.6.jar!/org/springframework/util/ClassUtils.class

The class hierarchy was loaded from the following locations:

    org.springframework.util.ClassUtils: file:/Users/dong/.m2/repository/org/springframework/spring-core/5.3.6/spring-core-5.3.6.jar


Action:

Correct the classpath of your application so that it contains a single, compatible version of org.springframework.util.ClassUtils

[2024-04-09 15:36:08.552] [INFO] [restartedMain] [com.zagt.Application                    ] : Starting Application using Java 1.8.0_231 on bogon with PID 89404 (/Users/dong/project/sms/target/classes started by dong in /Users/dong/project/sms)
[2024-04-09 15:36:08.554] [INFO] [restartedMain] [com.zagt.Application                    ] : The following profiles are active: dev
[2024-04-09 15:36:08.589] [INFO] [restartedMain] [.e.DevToolsPropertyDefaultsPostProcessor] : Devtools property defaults active! Set 'spring.devtools.add-properties' to 'false' to disable
[2024-04-09 15:36:08.590] [INFO] [restartedMain] [.e.DevToolsPropertyDefaultsPostProcessor] : For additional web related logging consider setting the 'logging.level.web' property to 'DEBUG'
[2024-04-09 15:36:09.309] [INFO] [restartedMain] [o.s.b.w.embedded.tomcat.TomcatWebServer ] : Tomcat initialized with port(s): 10301 (http)
[2024-04-09 15:36:09.314] [INFO] [restartedMain] [o.a.coyote.http11.Http11NioProtocol     ] : Initializing ProtocolHandler ["http-nio-10301"]
[2024-04-09 15:36:09.315] [INFO] [restartedMain] [o.apache.catalina.core.StandardService  ] : Starting service [Tomcat]
[2024-04-09 15:36:09.315] [INFO] [restartedMain] [org.apache.catalina.core.StandardEngine ] : Starting Servlet engine: [Apache Tomcat/9.0.64]
[2024-04-09 15:36:09.357] [INFO] [restartedMain] [o.a.c.c.C.[Tomcat].[localhost].[/]      ] : Initializing Spring embedded WebApplicationContext
[2024-04-09 15:36:09.358] [INFO] [restartedMain] [w.s.c.ServletWebServerApplicationContext] : Root WebApplicationContext: initialization completed in 767 ms
[2024-04-09 15:36:09.442] [INFO] [restartedMain] [c.a.d.s.b.a.DruidDataSourceAutoConfigure] : Init DruidDataSource
[2024-04-09 15:36:09.520] [INFO] [restartedMain] [com.alibaba.druid.pool.DruidDataSource  ] : {dataSource-1} inited
[2024-04-09 15:36:09.997] [INFO] [restartedMain] [o.s.b.d.a.OptionalLiveReloadServer      ] : LiveReload server is running on port 35729
[2024-04-09 15:36:10.014] [INFO] [restartedMain] [o.a.coyote.http11.Http11NioProtocol     ] : Starting ProtocolHandler ["http-nio-10301"]
[2024-04-09 15:36:10.034] [INFO] [restartedMain] [o.s.b.w.embedded.tomcat.TomcatWebServer ] : Tomcat started on port(s): 10301 (http) with context path ''
[2024-04-09 15:36:10.042] [INFO] [restartedMain] [com.zagt.Application                    ] : Started Application in 1.831 seconds (JVM running for 2.466)
[2024-04-09 15:36:25.334] [INFO] [SpringContextShutdownHook] [com.alibaba.druid.pool.DruidDataSource  ] : {dataSource-1} closing ...
[2024-04-09 15:36:25.336] [INFO] [SpringContextShutdownHook] [com.alibaba.druid.pool.DruidDataSource  ] : {dataSource-1} closed
[2024-04-09 16:01:58.074] [INFO] [restartedMain] [com.zagt.Application                    ] : Starting Application using Java 1.8.0_231 on bogon with PID 90139 (/Users/dong/project/sms/target/classes started by dong in /Users/dong/project/sms)
[2024-04-09 16:01:58.076] [INFO] [restartedMain] [com.zagt.Application                    ] : The following profiles are active: dev
[2024-04-09 16:01:58.112] [INFO] [restartedMain] [.e.DevToolsPropertyDefaultsPostProcessor] : Devtools property defaults active! Set 'spring.devtools.add-properties' to 'false' to disable
[2024-04-09 16:01:58.112] [INFO] [restartedMain] [.e.DevToolsPropertyDefaultsPostProcessor] : For additional web related logging consider setting the 'logging.level.web' property to 'DEBUG'
[2024-04-09 16:01:58.905] [INFO] [restartedMain] [o.s.b.w.embedded.tomcat.TomcatWebServer ] : Tomcat initialized with port(s): 10301 (http)
[2024-04-09 16:01:58.913] [INFO] [restartedMain] [o.a.coyote.http11.Http11NioProtocol     ] : Initializing ProtocolHandler ["http-nio-10301"]
[2024-04-09 16:01:58.913] [INFO] [restartedMain] [o.apache.catalina.core.StandardService  ] : Starting service [Tomcat]
[2024-04-09 16:01:58.914] [INFO] [restartedMain] [org.apache.catalina.core.StandardEngine ] : Starting Servlet engine: [Apache Tomcat/9.0.64]
[2024-04-09 16:01:58.966] [INFO] [restartedMain] [o.a.c.c.C.[Tomcat].[localhost].[/]      ] : Initializing Spring embedded WebApplicationContext
[2024-04-09 16:01:58.966] [INFO] [restartedMain] [w.s.c.ServletWebServerApplicationContext] : Root WebApplicationContext: initialization completed in 853 ms
[2024-04-09 16:01:59.074] [INFO] [restartedMain] [c.a.d.s.b.a.DruidDataSourceAutoConfigure] : Init DruidDataSource
[2024-04-09 16:01:59.154] [INFO] [restartedMain] [com.alibaba.druid.pool.DruidDataSource  ] : {dataSource-1} inited
[2024-04-09 16:01:59.631] [INFO] [restartedMain] [o.s.b.d.a.OptionalLiveReloadServer      ] : LiveReload server is running on port 35729
[2024-04-09 16:01:59.647] [INFO] [restartedMain] [o.a.coyote.http11.Http11NioProtocol     ] : Starting ProtocolHandler ["http-nio-10301"]
[2024-04-09 16:01:59.668] [INFO] [restartedMain] [o.s.b.w.embedded.tomcat.TomcatWebServer ] : Tomcat started on port(s): 10301 (http) with context path ''
[2024-04-09 16:01:59.676] [INFO] [restartedMain] [com.zagt.Application                    ] : Started Application in 1.892 seconds (JVM running for 2.433)
[2024-04-09 16:02:06.442] [INFO] [SpringContextShutdownHook] [com.alibaba.druid.pool.DruidDataSource  ] : {dataSource-1} closing ...
[2024-04-09 16:02:06.443] [INFO] [SpringContextShutdownHook] [com.alibaba.druid.pool.DruidDataSource  ] : {dataSource-1} closed
[2024-04-09 17:53:19.551] [INFO] [restartedMain] [com.zagt.Application                    ] : Starting Application using Java 1.8.0_231 on bogon with PID 93426 (/Users/dong/project/sms/target/classes started by dong in /Users/dong/project/sms)
[2024-04-09 17:53:19.553] [INFO] [restartedMain] [com.zagt.Application                    ] : The following profiles are active: dev
[2024-04-09 17:53:19.592] [INFO] [restartedMain] [.e.DevToolsPropertyDefaultsPostProcessor] : Devtools property defaults active! Set 'spring.devtools.add-properties' to 'false' to disable
[2024-04-09 17:53:19.593] [INFO] [restartedMain] [.e.DevToolsPropertyDefaultsPostProcessor] : For additional web related logging consider setting the 'logging.level.web' property to 'DEBUG'
[2024-04-09 17:53:20.556] [INFO] [restartedMain] [o.s.b.w.embedded.tomcat.TomcatWebServer ] : Tomcat initialized with port(s): 10301 (http)
[2024-04-09 17:53:20.564] [INFO] [restartedMain] [o.a.coyote.http11.Http11NioProtocol     ] : Initializing ProtocolHandler ["http-nio-10301"]
[2024-04-09 17:53:20.565] [INFO] [restartedMain] [o.apache.catalina.core.StandardService  ] : Starting service [Tomcat]
[2024-04-09 17:53:20.565] [INFO] [restartedMain] [org.apache.catalina.core.StandardEngine ] : Starting Servlet engine: [Apache Tomcat/9.0.64]
[2024-04-09 17:53:20.623] [INFO] [restartedMain] [o.a.c.c.C.[Tomcat].[localhost].[/]      ] : Initializing Spring embedded WebApplicationContext
[2024-04-09 17:53:20.623] [INFO] [restartedMain] [w.s.c.ServletWebServerApplicationContext] : Root WebApplicationContext: initialization completed in 1030 ms
[2024-04-09 17:53:20.771] [INFO] [restartedMain] [c.a.d.s.b.a.DruidDataSourceAutoConfigure] : Init DruidDataSource
[2024-04-09 17:53:20.860] [INFO] [restartedMain] [com.alibaba.druid.pool.DruidDataSource  ] : {dataSource-1} inited
[2024-04-09 17:53:21.508] [INFO] [restartedMain] [o.s.b.d.a.OptionalLiveReloadServer      ] : LiveReload server is running on port 35729
[2024-04-09 17:53:21.530] [INFO] [restartedMain] [o.a.coyote.http11.Http11NioProtocol     ] : Starting ProtocolHandler ["http-nio-10301"]
[2024-04-09 17:53:21.569] [INFO] [restartedMain] [o.s.b.w.embedded.tomcat.TomcatWebServer ] : Tomcat started on port(s): 10301 (http) with context path ''
[2024-04-09 17:53:21.578] [INFO] [restartedMain] [com.zagt.Application                    ] : Started Application in 2.401 seconds (JVM running for 3.044)
[2024-04-09 17:53:24.977] [INFO] [SpringContextShutdownHook] [com.alibaba.druid.pool.DruidDataSource  ] : {dataSource-1} closing ...
[2024-04-09 17:53:24.978] [INFO] [SpringContextShutdownHook] [com.alibaba.druid.pool.DruidDataSource  ] : {dataSource-1} closed
